<?xml version="1.0" encoding="UTF-8"?>
<testng-results total="1" passed="1" failed="0" skipped="0">
  <reporter-output>
  </reporter-output>
  <suite started-at="2019-05-20T19:42:25Z" name="Suite" finished-at="2019-05-20T19:43:09Z" duration-ms="43510">
    <groups>
    </groups>
    <test started-at="2019-05-20T19:42:25Z" name="Test" finished-at="2019-05-20T19:43:09Z" duration-ms="43510">
      <class name="example.NewTest">
        <test-method is-config="true" signature="setUp()[pri:0, instance:example.NewTest@47af7f3d]" started-at="2019-05-21T03:42:25Z" name="setUp" finished-at="2019-05-21T03:42:33Z" duration-ms="7775" status="PASS">
          <reporter-output>
          </reporter-output>
        </test-method> <!-- setUp -->
        <test-method signature="test1()[pri:0, instance:example.NewTest@47af7f3d]" started-at="2019-05-21T03:42:33Z" name="test1" finished-at="2019-05-21T03:43:07Z" duration-ms="34374" status="PASS">
          <reporter-output>
          </reporter-output>
        </test-method> <!-- test1 -->
        <test-method is-config="true" signature="tearDown()[pri:0, instance:example.NewTest@47af7f3d]" started-at="2019-05-21T03:43:07Z" name="tearDown" finished-at="2019-05-21T03:43:09Z" duration-ms="1307" status="PASS">
          <reporter-output>
          </reporter-output>
        </test-method> <!-- tearDown -->
      </class> <!-- example.NewTest -->
    </test> <!-- Test -->
  </suite> <!-- Suite -->
</testng-results>
